2025-09-15 02:27:23 | INFO     | tests.test_healthcheck:test_logger_container_mode:104 - Test log message
2025-09-15 02:29:36 | INFO     | tests.test_healthcheck:test_logger_container_mode:104 - Test log message
2025-09-15 02:35:09 | INFO     | tests.test_healthcheck:test_logger_container_mode:105 - Test log message
2025-09-15 02:35:09 | INFO     | utils.signal_handler:setup_signal_handlers:62 - Signal handlers configured for graceful shutdown
2025-09-15 02:35:09 | INFO     | main:main:264 - Starting the scraping process...
2025-09-15 02:35:09 | INFO     | main:main:265 - Configuration: max_workers=1, max_pages=1
2025-09-15 02:35:09 | INFO     | main:main:274 - Fetching first page...
2025-09-15 02:35:09 | INFO     | main:main:285 - Found 1 pages of books
2025-09-15 02:35:09 | INFO     | main:main:304 - Processing page 1/1: https://books.toscrape.com/
2025-09-15 02:35:09 | INFO     | main:main:327 - Found 0 books on page 1
2025-09-15 02:35:09 | WARNING  | main:main:329 - No books found on page 1!
2025-09-15 02:35:09 | INFO     | main:main:402 - Total books collected: 0
2025-09-15 02:35:09 | WARNING  | main:main:410 - No books collected, skipping JSON save
2025-09-15 02:35:09 | SUCCESS  | main:main:416 - Scraping completed successfully!
2025-09-15 02:35:09 | INFO     | utils.signal_handler:setup_signal_handlers:62 - Signal handlers configured for graceful shutdown
2025-09-15 02:35:09 | INFO     | main:main:264 - Starting the scraping process...
2025-09-15 02:35:09 | INFO     | main:main:265 - Configuration: max_workers=1, max_pages=1
2025-09-15 02:35:09 | INFO     | main:main:274 - Fetching first page...
2025-09-15 02:35:09 | ERROR    | main:main:278 - Failed to fetch first page. Status code: 500
2025-09-15 02:35:09 | INFO     | utils.signal_handler:setup_signal_handlers:62 - Signal handlers configured for graceful shutdown
2025-09-15 02:35:09 | INFO     | main:main:264 - Starting the scraping process...
2025-09-15 02:35:09 | INFO     | main:main:265 - Configuration: max_workers=1, max_pages=1
2025-09-15 02:35:09 | INFO     | main:main:274 - Fetching first page...
2025-09-15 02:35:09 | INFO     | main:main:285 - Found 1 pages of books
2025-09-15 02:35:09 | INFO     | main:main:304 - Processing page 1/1: https://books.toscrape.com/
2025-09-15 02:35:09 | INFO     | main:main:327 - Found 1 books on page 1
2025-09-15 02:35:09 | SUCCESS  | main:main:400 - Completed processing page 1
2025-09-15 02:35:09 | INFO     | main:main:402 - Total books collected: 1
2025-09-15 02:35:09 | INFO     | main:main:406 - Saving to JSON...
2025-09-15 02:35:09 | SUCCESS  | main:main:408 - Data saved successfully!
2025-09-15 02:35:09 | SUCCESS  | main:main:416 - Scraping completed successfully!
2025-09-15 02:35:09 | INFO     | utils.signal_handler:setup_signal_handlers:62 - Signal handlers configured for graceful shutdown
2025-09-15 02:35:09 | INFO     | __main__:main:264 - Starting the scraping process...
2025-09-15 02:35:09 | INFO     | __main__:main:265 - Configuration: max_workers=10, max_pages=1
2025-09-15 02:35:09 | INFO     | __main__:main:274 - Fetching first page...
2025-09-15 02:35:10 | INFO     | __main__:main:285 - Found 50 pages of books
2025-09-15 02:35:10 | INFO     | __main__:main:290 - Limiting to 1 pages as specified
2025-09-15 02:35:10 | INFO     | __main__:main:304 - Processing page 1/1: https://books.toscrape.com/
2025-09-15 02:35:10 | INFO     | __main__:main:327 - Found 20 books on page 1
2025-09-15 02:35:11 | SUCCESS  | __main__:main:400 - Completed processing page 1
2025-09-15 02:35:11 | INFO     | __main__:main:402 - Total books collected: 20
2025-09-15 02:35:11 | INFO     | __main__:main:406 - Saving to JSON...
2025-09-15 02:35:11 | SUCCESS  | __main__:main:408 - Data saved successfully!
2025-09-15 02:35:11 | SUCCESS  | __main__:main:416 - Scraping completed successfully!
2025-09-15 02:35:11 | INFO     | utils.signal_handler:setup_signal_handlers:62 - Signal handlers configured for graceful shutdown
2025-09-15 02:35:11 | INFO     | __main__:main:264 - Starting the scraping process...
2025-09-15 02:35:11 | INFO     | __main__:main:265 - Configuration: max_workers=15, max_pages=3
2025-09-15 02:35:11 | INFO     | __main__:main:274 - Fetching first page...
2025-09-15 02:35:12 | INFO     | __main__:main:285 - Found 50 pages of books
2025-09-15 02:35:12 | INFO     | __main__:main:290 - Limiting to 3 pages as specified
2025-09-15 02:35:12 | INFO     | __main__:main:304 - Processing page 1/3: https://books.toscrape.com/
2025-09-15 02:35:12 | INFO     | __main__:main:327 - Found 20 books on page 1
2025-09-15 02:35:13 | SUCCESS  | __main__:main:400 - Completed processing page 1
2025-09-15 02:35:13 | INFO     | __main__:main:304 - Processing page 2/3: https://books.toscrape.com/catalogue/page-2.html
2025-09-15 02:35:13 | INFO     | __main__:main:327 - Found 20 books on page 2
2025-09-15 02:35:14 | SUCCESS  | __main__:main:400 - Completed processing page 2
2025-09-15 02:35:14 | INFO     | __main__:main:304 - Processing page 3/3: https://books.toscrape.com/catalogue/page-3.html
2025-09-15 02:35:15 | INFO     | __main__:main:327 - Found 20 books on page 3
2025-09-15 02:35:16 | SUCCESS  | __main__:main:400 - Completed processing page 3
2025-09-15 02:35:16 | INFO     | __main__:main:402 - Total books collected: 60
2025-09-15 02:35:16 | INFO     | __main__:main:406 - Saving to JSON...
2025-09-15 02:35:16 | SUCCESS  | __main__:main:408 - Data saved successfully!
2025-09-15 02:35:16 | SUCCESS  | __main__:main:416 - Scraping completed successfully!
2025-09-15 02:35:16 | WARNING  | main:process_book_listing:76 - No book URL found in listing.
2025-09-15 02:35:16 | WARNING  | main:process_book_details:127 - No detail URL for book: Test Book
2025-09-15 02:35:16 | ERROR    | main:process_book_details:186 - Error processing detail page for Test Book: Network error
2025-09-15 02:35:17 | WARNING  | main:extract_star_rating:48 - No star rating found for book.
2025-09-15 02:35:17 | WARNING  | main:process_book_listing:76 - No book URL found in listing.
2025-09-15 02:35:17 | WARNING  | main:process_book_listing:103 - No image URL found for book.
2025-09-15 02:35:17 | INFO     | utils.signal_handler:setup_signal_handlers:62 - Signal handlers configured for graceful shutdown
2025-09-15 02:35:17 | INFO     | utils.signal_handler:setup_signal_handlers:62 - Signal handlers configured for graceful shutdown
2025-09-15 02:35:17 | INFO     | utils.signal_handler:setup_signal_handlers:62 - Signal handlers configured for graceful shutdown
2025-09-15 02:35:17 | INFO     | utils.signal_handler:setup_signal_handlers:62 - Signal handlers configured for graceful shutdown
2025-09-15 02:35:17 | INFO     | utils.signal_handler:setup_signal_handlers:62 - Signal handlers configured for graceful shutdown
2025-09-15 02:35:17 | INFO     | utils.signal_handler:setup_signal_handlers:62 - Signal handlers configured for graceful shutdown
2025-09-15 02:35:17 | INFO     | utils.signal_handler:setup_signal_handlers:62 - Signal handlers configured for graceful shutdown
2025-09-15 02:35:17 | INFO     | utils.signal_handler:setup_signal_handlers:62 - Signal handlers configured for graceful shutdown
2025-09-15 02:35:17 | INFO     | utils.signal_handler:setup_signal_handlers:62 - Signal handlers configured for graceful shutdown
2025-09-15 02:35:17 | INFO     | utils.signal_handler:setup_signal_handlers:62 - Signal handlers configured for graceful shutdown
2025-09-15 02:35:17 | INFO     | utils.signal_handler:setup_signal_handlers:62 - Signal handlers configured for graceful shutdown
2025-09-15 02:35:17 | INFO     | utils.signal_handler:setup_signal_handlers:62 - Signal handlers configured for graceful shutdown
2025-09-15 02:35:17 | INFO     | utils.signal_handler:setup_signal_handlers:62 - Signal handlers configured for graceful shutdown
2025-09-15 02:35:17 | ERROR    | main:process_book_details:186 - Error processing detail page for Test Book: Network unreachable
2025-09-15 02:35:17 | ERROR    | main:process_book_details:186 - Error processing detail page for Timeout Test Book: Request timeout after 30 seconds
2025-09-15 02:35:17 | ERROR    | main:process_book_details:186 - Error processing detail page for HTTP Error Book: 404 Client Error: Not Found
2025-09-15 02:35:17 | ERROR    | main:process_book_details:186 - Error processing detail page for Generic Error Book: Unexpected error occurred
2025-09-15 02:35:17 | INFO     | utils.signal_handler:setup_signal_handlers:62 - Signal handlers configured for graceful shutdown
2025-09-15 02:35:17 | INFO     | main:main:264 - Starting the scraping process...
2025-09-15 02:35:17 | INFO     | main:main:265 - Configuration: max_workers=5, max_pages=1
2025-09-15 02:35:17 | INFO     | main:main:274 - Fetching first page...
2025-09-15 02:35:17 | ERROR    | main:main:423 - Unexpected error during scraping: Network unreachable
2025-09-15 02:35:17 | INFO     | utils.signal_handler:setup_signal_handlers:62 - Signal handlers configured for graceful shutdown
2025-09-15 02:35:17 | INFO     | main:main:264 - Starting the scraping process...
2025-09-15 02:35:17 | INFO     | main:main:265 - Configuration: max_workers=5, max_pages=1
2025-09-15 02:35:17 | INFO     | main:main:274 - Fetching first page...
2025-09-15 02:35:17 | ERROR    | main:main:423 - Unexpected error during scraping: Request timeout
2025-09-15 02:35:17 | INFO     | utils.signal_handler:setup_signal_handlers:62 - Signal handlers configured for graceful shutdown
2025-09-15 02:35:17 | INFO     | main:main:264 - Starting the scraping process...
2025-09-15 02:35:17 | INFO     | main:main:265 - Configuration: max_workers=5, max_pages=1
2025-09-15 02:35:17 | INFO     | main:main:274 - Fetching first page...
2025-09-15 02:35:17 | ERROR    | main:main:423 - Unexpected error during scraping: 500 Internal Server Error
2025-09-15 02:35:17 | WARNING  | main:process_book_details:136 - Failed to fetch detail page for HTTP 400 Book. Status: 400
2025-09-15 02:35:17 | WARNING  | main:process_book_details:136 - Failed to fetch detail page for HTTP 401 Book. Status: 401
2025-09-15 02:35:17 | WARNING  | main:process_book_details:136 - Failed to fetch detail page for HTTP 403 Book. Status: 403
2025-09-15 02:35:17 | WARNING  | main:process_book_details:136 - Failed to fetch detail page for HTTP 404 Book. Status: 404
2025-09-15 02:35:17 | WARNING  | main:process_book_details:136 - Failed to fetch detail page for HTTP 500 Book. Status: 500
2025-09-15 02:35:17 | WARNING  | main:process_book_details:136 - Failed to fetch detail page for HTTP 502 Book. Status: 502
2025-09-15 02:35:17 | WARNING  | main:process_book_details:136 - Failed to fetch detail page for HTTP 503 Book. Status: 503
2025-09-15 02:35:17 | WARNING  | main:process_book_details:136 - Failed to fetch detail page for HTTP 504 Book. Status: 504
2025-09-15 02:35:17 | ERROR    | main:process_book_details:186 - Error processing detail page for Parsing Error Book: Parsing error
2025-09-15 02:35:17 | ERROR    | main:process_book_details:186 - Error processing detail page for Book 1: Intermittent network error
2025-09-15 02:35:17 | ERROR    | main:process_book_details:186 - Error processing detail page for Book 3: Intermittent network error
2025-09-15 02:35:17 | WARNING  | main:extract_star_rating:48 - No star rating found for book.
2025-09-15 02:35:17 | ERROR    | main:process_book_details:186 - Error processing detail page for Encoding Issues Book: 'utf-8' codec can't decode bytes in position 0-0: invalid
2025-09-15 02:35:18 | WARNING  | main:process_book_details:127 - No detail URL for book: Test Book
2025-09-15 02:35:18 | WARNING  | main:process_book_details:127 - No detail URL for book: Test Book
2025-09-15 02:35:18 | WARNING  | main:process_book_details:127 - No detail URL for book: Test Book
2025-09-15 02:35:18 | ERROR    | main:process_book_details:186 - Error processing detail page for Test Book: Network unreachable
2025-09-15 02:35:18 | ERROR    | main:process_book_details:186 - Error processing detail page for Test Book: Request timeout
2025-09-15 02:35:18 | ERROR    | main:process_book_details:186 - Error processing detail page for Test Book: 404 Not Found
2025-09-15 02:35:18 | ERROR    | main:process_book_details:186 - Error processing detail page for Test Book: Generic network error
2025-09-15 02:35:18 | WARNING  | main:process_book_details:136 - Failed to fetch detail page for Test Book. Status: 404
2025-09-15 02:35:18 | WARNING  | main:process_book_details:136 - Failed to fetch detail page for Test Book. Status: 500
2025-09-15 02:35:18 | ERROR    | main:process_book_details:186 - Error processing detail page for Parsing Error Book: Parsing error
2025-09-15 02:35:18 | WARNING  | main:process_book_details:136 - Failed to fetch detail page for HTTP Error Book. Status: 400
2025-09-15 02:35:18 | WARNING  | main:process_book_details:136 - Failed to fetch detail page for HTTP Error Book. Status: 401
2025-09-15 02:35:18 | WARNING  | main:process_book_details:136 - Failed to fetch detail page for HTTP Error Book. Status: 403
2025-09-15 02:35:18 | WARNING  | main:process_book_details:136 - Failed to fetch detail page for HTTP Error Book. Status: 404
2025-09-15 02:35:18 | WARNING  | main:process_book_details:136 - Failed to fetch detail page for HTTP Error Book. Status: 500
2025-09-15 02:35:18 | WARNING  | main:process_book_details:136 - Failed to fetch detail page for HTTP Error Book. Status: 502
2025-09-15 02:35:18 | WARNING  | main:process_book_details:136 - Failed to fetch detail page for HTTP Error Book. Status: 503
2025-09-15 02:35:18 | WARNING  | main:process_book_details:136 - Failed to fetch detail page for HTTP Error Book. Status: 504
2025-09-15 02:35:18 | ERROR    | main:process_book_details:186 - Error processing detail page for None Response Book: 'NoneType' object has no attribute 'status'
2025-09-15 02:35:18 | ERROR    | main:process_book_details:186 - Error processing detail page for No Status Book: status
2025-09-15 02:35:18 | ERROR    | main:process_book_details:186 - Error processing detail page for Find All None Book: 'NoneType' object is not iterable
2025-09-15 02:35:18 | ERROR    | main:process_book_details:186 - Error processing detail page for CSS Error Book: CSS parsing error
2025-09-15 02:35:18 | ERROR    | main:process_book_details:186 - Error processing detail page for Breadcrumb Error Book: Breadcrumb parsing error
2025-09-15 02:35:18 | ERROR    | main:process_book_details:186 - Error processing detail page for Description Error Book: Text strip error
2025-09-15 02:35:18 | ERROR    | main:process_book_details:186 - Error processing detail page for Table Iteration Error Book: Table iteration error
2025-09-15 02:35:18 | ERROR    | main:process_book_details:186 - Error processing detail page for Partial Success Book: Breadcrumb error
2025-09-15 02:36:10 | INFO     | tests.test_healthcheck:test_logger_container_mode:105 - Test log message
2025-09-15 02:36:10 | INFO     | utils.signal_handler:setup_signal_handlers:62 - Signal handlers configured for graceful shutdown
2025-09-15 02:36:10 | INFO     | main:main:264 - Starting the scraping process...
2025-09-15 02:36:10 | INFO     | main:main:265 - Configuration: max_workers=1, max_pages=1
2025-09-15 02:36:10 | INFO     | main:main:274 - Fetching first page...
2025-09-15 02:36:10 | INFO     | main:main:285 - Found 1 pages of books
2025-09-15 02:36:10 | INFO     | main:main:304 - Processing page 1/1: https://books.toscrape.com/
2025-09-15 02:36:10 | INFO     | main:main:327 - Found 0 books on page 1
2025-09-15 02:36:10 | WARNING  | main:main:329 - No books found on page 1!
2025-09-15 02:36:10 | INFO     | main:main:402 - Total books collected: 0
2025-09-15 02:36:10 | WARNING  | main:main:410 - No books collected, skipping JSON save
2025-09-15 02:36:10 | SUCCESS  | main:main:416 - Scraping completed successfully!
2025-09-15 02:36:10 | INFO     | utils.signal_handler:setup_signal_handlers:62 - Signal handlers configured for graceful shutdown
2025-09-15 02:36:10 | INFO     | main:main:264 - Starting the scraping process...
2025-09-15 02:36:10 | INFO     | main:main:265 - Configuration: max_workers=1, max_pages=1
2025-09-15 02:36:10 | INFO     | main:main:274 - Fetching first page...
2025-09-15 02:36:10 | ERROR    | main:main:278 - Failed to fetch first page. Status code: 500
2025-09-15 02:36:10 | INFO     | utils.signal_handler:setup_signal_handlers:62 - Signal handlers configured for graceful shutdown
2025-09-15 02:36:10 | INFO     | main:main:264 - Starting the scraping process...
2025-09-15 02:36:10 | INFO     | main:main:265 - Configuration: max_workers=1, max_pages=1
2025-09-15 02:36:10 | INFO     | main:main:274 - Fetching first page...
2025-09-15 02:36:10 | INFO     | main:main:285 - Found 1 pages of books
2025-09-15 02:36:10 | INFO     | main:main:304 - Processing page 1/1: https://books.toscrape.com/
2025-09-15 02:36:10 | INFO     | main:main:327 - Found 1 books on page 1
2025-09-15 02:36:10 | SUCCESS  | main:main:400 - Completed processing page 1
2025-09-15 02:36:10 | INFO     | main:main:402 - Total books collected: 1
2025-09-15 02:36:10 | INFO     | main:main:406 - Saving to JSON...
2025-09-15 02:36:10 | SUCCESS  | main:main:408 - Data saved successfully!
2025-09-15 02:36:10 | SUCCESS  | main:main:416 - Scraping completed successfully!
2025-09-15 02:36:10 | INFO     | utils.signal_handler:setup_signal_handlers:62 - Signal handlers configured for graceful shutdown
2025-09-15 02:36:10 | INFO     | __main__:main:264 - Starting the scraping process...
2025-09-15 02:36:10 | INFO     | __main__:main:265 - Configuration: max_workers=10, max_pages=1
2025-09-15 02:36:10 | INFO     | __main__:main:274 - Fetching first page...
2025-09-15 02:36:10 | INFO     | __main__:main:285 - Found 50 pages of books
2025-09-15 02:36:10 | INFO     | __main__:main:290 - Limiting to 1 pages as specified
2025-09-15 02:36:10 | INFO     | __main__:main:304 - Processing page 1/1: https://books.toscrape.com/
2025-09-15 02:36:10 | INFO     | __main__:main:327 - Found 20 books on page 1
2025-09-15 02:36:11 | SUCCESS  | __main__:main:400 - Completed processing page 1
2025-09-15 02:36:11 | INFO     | __main__:main:402 - Total books collected: 20
2025-09-15 02:36:11 | INFO     | __main__:main:406 - Saving to JSON...
2025-09-15 02:36:11 | SUCCESS  | __main__:main:408 - Data saved successfully!
2025-09-15 02:36:11 | SUCCESS  | __main__:main:416 - Scraping completed successfully!
2025-09-15 02:36:11 | INFO     | utils.signal_handler:setup_signal_handlers:62 - Signal handlers configured for graceful shutdown
2025-09-15 02:36:11 | INFO     | __main__:main:264 - Starting the scraping process...
2025-09-15 02:36:11 | INFO     | __main__:main:265 - Configuration: max_workers=15, max_pages=3
2025-09-15 02:36:11 | INFO     | __main__:main:274 - Fetching first page...
2025-09-15 02:36:12 | INFO     | __main__:main:285 - Found 50 pages of books
2025-09-15 02:36:12 | INFO     | __main__:main:290 - Limiting to 3 pages as specified
2025-09-15 02:36:12 | INFO     | __main__:main:304 - Processing page 1/3: https://books.toscrape.com/
2025-09-15 02:36:12 | INFO     | __main__:main:327 - Found 20 books on page 1
2025-09-15 02:36:13 | SUCCESS  | __main__:main:400 - Completed processing page 1
2025-09-15 02:36:13 | INFO     | __main__:main:304 - Processing page 2/3: https://books.toscrape.com/catalogue/page-2.html
2025-09-15 02:36:14 | INFO     | __main__:main:327 - Found 20 books on page 2
2025-09-15 02:36:15 | SUCCESS  | __main__:main:400 - Completed processing page 2
2025-09-15 02:36:15 | INFO     | __main__:main:304 - Processing page 3/3: https://books.toscrape.com/catalogue/page-3.html
2025-09-15 02:36:15 | INFO     | __main__:main:327 - Found 20 books on page 3
2025-09-15 02:36:16 | SUCCESS  | __main__:main:400 - Completed processing page 3
2025-09-15 02:36:16 | INFO     | __main__:main:402 - Total books collected: 60
2025-09-15 02:36:16 | INFO     | __main__:main:406 - Saving to JSON...
2025-09-15 02:36:16 | SUCCESS  | __main__:main:408 - Data saved successfully!
2025-09-15 02:36:16 | SUCCESS  | __main__:main:416 - Scraping completed successfully!
2025-09-15 02:36:17 | WARNING  | main:process_book_listing:76 - No book URL found in listing.
2025-09-15 02:36:17 | WARNING  | main:process_book_details:127 - No detail URL for book: Test Book
2025-09-15 02:36:17 | ERROR    | main:process_book_details:186 - Error processing detail page for Test Book: Network error
2025-09-15 02:36:17 | WARNING  | main:extract_star_rating:48 - No star rating found for book.
2025-09-15 02:36:17 | WARNING  | main:process_book_listing:76 - No book URL found in listing.
2025-09-15 02:36:17 | WARNING  | main:process_book_listing:103 - No image URL found for book.
2025-09-15 02:36:17 | INFO     | utils.signal_handler:setup_signal_handlers:62 - Signal handlers configured for graceful shutdown
2025-09-15 02:36:17 | INFO     | utils.signal_handler:setup_signal_handlers:62 - Signal handlers configured for graceful shutdown
2025-09-15 02:36:17 | INFO     | utils.signal_handler:setup_signal_handlers:62 - Signal handlers configured for graceful shutdown
2025-09-15 02:36:17 | INFO     | utils.signal_handler:setup_signal_handlers:62 - Signal handlers configured for graceful shutdown
2025-09-15 02:36:17 | INFO     | utils.signal_handler:setup_signal_handlers:62 - Signal handlers configured for graceful shutdown
2025-09-15 02:36:17 | INFO     | utils.signal_handler:setup_signal_handlers:62 - Signal handlers configured for graceful shutdown
2025-09-15 02:36:17 | INFO     | utils.signal_handler:setup_signal_handlers:62 - Signal handlers configured for graceful shutdown
2025-09-15 02:36:17 | INFO     | utils.signal_handler:setup_signal_handlers:62 - Signal handlers configured for graceful shutdown
2025-09-15 02:36:17 | INFO     | utils.signal_handler:setup_signal_handlers:62 - Signal handlers configured for graceful shutdown
2025-09-15 02:36:17 | INFO     | utils.signal_handler:setup_signal_handlers:62 - Signal handlers configured for graceful shutdown
2025-09-15 02:36:17 | INFO     | utils.signal_handler:setup_signal_handlers:62 - Signal handlers configured for graceful shutdown
2025-09-15 02:36:17 | INFO     | utils.signal_handler:setup_signal_handlers:62 - Signal handlers configured for graceful shutdown
2025-09-15 02:36:17 | INFO     | utils.signal_handler:setup_signal_handlers:62 - Signal handlers configured for graceful shutdown
2025-09-15 02:36:17 | ERROR    | main:process_book_details:186 - Error processing detail page for Test Book: Network unreachable
2025-09-15 02:36:17 | ERROR    | main:process_book_details:186 - Error processing detail page for Timeout Test Book: Request timeout after 30 seconds
2025-09-15 02:36:17 | ERROR    | main:process_book_details:186 - Error processing detail page for HTTP Error Book: 404 Client Error: Not Found
2025-09-15 02:36:17 | ERROR    | main:process_book_details:186 - Error processing detail page for Generic Error Book: Unexpected error occurred
2025-09-15 02:36:17 | INFO     | utils.signal_handler:setup_signal_handlers:62 - Signal handlers configured for graceful shutdown
2025-09-15 02:36:17 | INFO     | main:main:264 - Starting the scraping process...
2025-09-15 02:36:17 | INFO     | main:main:265 - Configuration: max_workers=5, max_pages=1
2025-09-15 02:36:17 | INFO     | main:main:274 - Fetching first page...
2025-09-15 02:36:17 | ERROR    | main:main:423 - Unexpected error during scraping: Network unreachable
2025-09-15 02:36:18 | INFO     | utils.signal_handler:setup_signal_handlers:62 - Signal handlers configured for graceful shutdown
2025-09-15 02:36:18 | INFO     | main:main:264 - Starting the scraping process...
2025-09-15 02:36:18 | INFO     | main:main:265 - Configuration: max_workers=5, max_pages=1
2025-09-15 02:36:18 | INFO     | main:main:274 - Fetching first page...
2025-09-15 02:36:18 | ERROR    | main:main:423 - Unexpected error during scraping: Request timeout
2025-09-15 02:36:18 | INFO     | utils.signal_handler:setup_signal_handlers:62 - Signal handlers configured for graceful shutdown
2025-09-15 02:36:18 | INFO     | main:main:264 - Starting the scraping process...
2025-09-15 02:36:18 | INFO     | main:main:265 - Configuration: max_workers=5, max_pages=1
2025-09-15 02:36:18 | INFO     | main:main:274 - Fetching first page...
2025-09-15 02:36:18 | ERROR    | main:main:423 - Unexpected error during scraping: 500 Internal Server Error
2025-09-15 02:36:18 | WARNING  | main:process_book_details:136 - Failed to fetch detail page for HTTP 400 Book. Status: 400
2025-09-15 02:36:18 | WARNING  | main:process_book_details:136 - Failed to fetch detail page for HTTP 401 Book. Status: 401
2025-09-15 02:36:18 | WARNING  | main:process_book_details:136 - Failed to fetch detail page for HTTP 403 Book. Status: 403
2025-09-15 02:36:18 | WARNING  | main:process_book_details:136 - Failed to fetch detail page for HTTP 404 Book. Status: 404
2025-09-15 02:36:18 | WARNING  | main:process_book_details:136 - Failed to fetch detail page for HTTP 500 Book. Status: 500
2025-09-15 02:36:18 | WARNING  | main:process_book_details:136 - Failed to fetch detail page for HTTP 502 Book. Status: 502
2025-09-15 02:36:18 | WARNING  | main:process_book_details:136 - Failed to fetch detail page for HTTP 503 Book. Status: 503
2025-09-15 02:36:18 | WARNING  | main:process_book_details:136 - Failed to fetch detail page for HTTP 504 Book. Status: 504
2025-09-15 02:36:18 | ERROR    | main:process_book_details:186 - Error processing detail page for Parsing Error Book: Parsing error
2025-09-15 02:36:18 | ERROR    | main:process_book_details:186 - Error processing detail page for Book 1: Intermittent network error
2025-09-15 02:36:18 | ERROR    | main:process_book_details:186 - Error processing detail page for Book 3: Intermittent network error
2025-09-15 02:36:18 | WARNING  | main:extract_star_rating:48 - No star rating found for book.
2025-09-15 02:36:18 | ERROR    | main:process_book_details:186 - Error processing detail page for Encoding Issues Book: 'utf-8' codec can't decode bytes in position 0-0: invalid
2025-09-15 02:36:18 | WARNING  | main:process_book_details:127 - No detail URL for book: Test Book
2025-09-15 02:36:18 | WARNING  | main:process_book_details:127 - No detail URL for book: Test Book
2025-09-15 02:36:18 | WARNING  | main:process_book_details:127 - No detail URL for book: Test Book
2025-09-15 02:36:18 | ERROR    | main:process_book_details:186 - Error processing detail page for Test Book: Network unreachable
2025-09-15 02:36:18 | ERROR    | main:process_book_details:186 - Error processing detail page for Test Book: Request timeout
2025-09-15 02:36:18 | ERROR    | main:process_book_details:186 - Error processing detail page for Test Book: 404 Not Found
2025-09-15 02:36:18 | ERROR    | main:process_book_details:186 - Error processing detail page for Test Book: Generic network error
2025-09-15 02:36:18 | WARNING  | main:process_book_details:136 - Failed to fetch detail page for Test Book. Status: 404
2025-09-15 02:36:18 | WARNING  | main:process_book_details:136 - Failed to fetch detail page for Test Book. Status: 500
2025-09-15 02:36:18 | ERROR    | main:process_book_details:186 - Error processing detail page for Parsing Error Book: Parsing error
2025-09-15 02:36:18 | WARNING  | main:process_book_details:136 - Failed to fetch detail page for HTTP Error Book. Status: 400
2025-09-15 02:36:18 | WARNING  | main:process_book_details:136 - Failed to fetch detail page for HTTP Error Book. Status: 401
2025-09-15 02:36:18 | WARNING  | main:process_book_details:136 - Failed to fetch detail page for HTTP Error Book. Status: 403
2025-09-15 02:36:18 | WARNING  | main:process_book_details:136 - Failed to fetch detail page for HTTP Error Book. Status: 404
2025-09-15 02:36:18 | WARNING  | main:process_book_details:136 - Failed to fetch detail page for HTTP Error Book. Status: 500
2025-09-15 02:36:18 | WARNING  | main:process_book_details:136 - Failed to fetch detail page for HTTP Error Book. Status: 502
2025-09-15 02:36:18 | WARNING  | main:process_book_details:136 - Failed to fetch detail page for HTTP Error Book. Status: 503
2025-09-15 02:36:18 | WARNING  | main:process_book_details:136 - Failed to fetch detail page for HTTP Error Book. Status: 504
2025-09-15 02:36:18 | ERROR    | main:process_book_details:186 - Error processing detail page for None Response Book: 'NoneType' object has no attribute 'status'
2025-09-15 02:36:18 | ERROR    | main:process_book_details:186 - Error processing detail page for No Status Book: status
2025-09-15 02:36:18 | ERROR    | main:process_book_details:186 - Error processing detail page for Find All None Book: 'NoneType' object is not iterable
2025-09-15 02:36:18 | ERROR    | main:process_book_details:186 - Error processing detail page for CSS Error Book: CSS parsing error
2025-09-15 02:36:18 | ERROR    | main:process_book_details:186 - Error processing detail page for Breadcrumb Error Book: Breadcrumb parsing error
2025-09-15 02:36:18 | ERROR    | main:process_book_details:186 - Error processing detail page for Description Error Book: Text strip error
2025-09-15 02:36:18 | ERROR    | main:process_book_details:186 - Error processing detail page for Table Iteration Error Book: Table iteration error
2025-09-15 02:36:18 | ERROR    | main:process_book_details:186 - Error processing detail page for Partial Success Book: Breadcrumb error
2025-09-15 02:37:25 | WARNING  | main:process_book_details:127 - No detail URL for book: Test Book
2025-09-15 02:37:25 | WARNING  | main:process_book_details:127 - No detail URL for book: Test Book
2025-09-15 02:37:25 | WARNING  | main:process_book_details:127 - No detail URL for book: Test Book
2025-09-15 02:37:25 | ERROR    | main:process_book_details:186 - Error processing detail page for Test Book: Network unreachable
2025-09-15 02:37:25 | ERROR    | main:process_book_details:186 - Error processing detail page for Test Book: Request timeout
2025-09-15 02:37:25 | ERROR    | main:process_book_details:186 - Error processing detail page for Test Book: 404 Not Found
2025-09-15 02:37:25 | ERROR    | main:process_book_details:186 - Error processing detail page for Test Book: Generic network error
2025-09-15 02:37:25 | WARNING  | main:process_book_details:136 - Failed to fetch detail page for Test Book. Status: 404
2025-09-15 02:37:25 | WARNING  | main:process_book_details:136 - Failed to fetch detail page for Test Book. Status: 500
2025-09-15 02:37:25 | ERROR    | main:process_book_details:186 - Error processing detail page for Parsing Error Book: Parsing error
2025-09-15 02:37:25 | WARNING  | main:process_book_details:136 - Failed to fetch detail page for HTTP Error Book. Status: 400
2025-09-15 02:37:25 | WARNING  | main:process_book_details:136 - Failed to fetch detail page for HTTP Error Book. Status: 401
2025-09-15 02:37:25 | WARNING  | main:process_book_details:136 - Failed to fetch detail page for HTTP Error Book. Status: 403
2025-09-15 02:37:25 | WARNING  | main:process_book_details:136 - Failed to fetch detail page for HTTP Error Book. Status: 404
2025-09-15 02:37:25 | WARNING  | main:process_book_details:136 - Failed to fetch detail page for HTTP Error Book. Status: 500
2025-09-15 02:37:25 | WARNING  | main:process_book_details:136 - Failed to fetch detail page for HTTP Error Book. Status: 502
2025-09-15 02:37:25 | WARNING  | main:process_book_details:136 - Failed to fetch detail page for HTTP Error Book. Status: 503
2025-09-15 02:37:25 | WARNING  | main:process_book_details:136 - Failed to fetch detail page for HTTP Error Book. Status: 504
2025-09-15 02:37:25 | ERROR    | main:process_book_details:186 - Error processing detail page for None Response Book: 'NoneType' object has no attribute 'status'
2025-09-15 02:37:25 | ERROR    | main:process_book_details:186 - Error processing detail page for No Status Book: status
2025-09-15 02:37:25 | ERROR    | main:process_book_details:186 - Error processing detail page for Find All None Book: 'NoneType' object is not iterable
2025-09-15 02:37:25 | ERROR    | main:process_book_details:186 - Error processing detail page for CSS Error Book: CSS parsing error
2025-09-15 02:37:25 | ERROR    | main:process_book_details:186 - Error processing detail page for Breadcrumb Error Book: Breadcrumb parsing error
2025-09-15 02:37:25 | ERROR    | main:process_book_details:186 - Error processing detail page for Description Error Book: Text strip error
2025-09-15 02:37:25 | ERROR    | main:process_book_details:186 - Error processing detail page for Table Iteration Error Book: Table iteration error
2025-09-15 02:37:25 | ERROR    | main:process_book_details:186 - Error processing detail page for Partial Success Book: Breadcrumb error
2025-09-15 02:38:31 | INFO     | tests.test_healthcheck:test_logger_container_mode:105 - Test log message
2025-09-15 02:38:31 | INFO     | utils.signal_handler:setup_signal_handlers:62 - Signal handlers configured for graceful shutdown
2025-09-15 02:38:31 | INFO     | main:main:264 - Starting the scraping process...
2025-09-15 02:38:31 | INFO     | main:main:265 - Configuration: max_workers=1, max_pages=1
2025-09-15 02:38:31 | INFO     | main:main:274 - Fetching first page...
2025-09-15 02:38:31 | INFO     | main:main:285 - Found 1 pages of books
2025-09-15 02:38:31 | INFO     | main:main:304 - Processing page 1/1: https://books.toscrape.com/
2025-09-15 02:38:31 | INFO     | main:main:327 - Found 0 books on page 1
2025-09-15 02:38:31 | WARNING  | main:main:329 - No books found on page 1!
2025-09-15 02:38:31 | INFO     | main:main:402 - Total books collected: 0
2025-09-15 02:38:31 | WARNING  | main:main:410 - No books collected, skipping JSON save
2025-09-15 02:38:31 | SUCCESS  | main:main:416 - Scraping completed successfully!
2025-09-15 02:38:31 | INFO     | utils.signal_handler:setup_signal_handlers:62 - Signal handlers configured for graceful shutdown
2025-09-15 02:38:31 | INFO     | main:main:264 - Starting the scraping process...
2025-09-15 02:38:31 | INFO     | main:main:265 - Configuration: max_workers=1, max_pages=1
2025-09-15 02:38:31 | INFO     | main:main:274 - Fetching first page...
2025-09-15 02:38:31 | ERROR    | main:main:278 - Failed to fetch first page. Status code: 500
2025-09-15 02:38:31 | INFO     | utils.signal_handler:setup_signal_handlers:62 - Signal handlers configured for graceful shutdown
2025-09-15 02:38:31 | INFO     | main:main:264 - Starting the scraping process...
2025-09-15 02:38:31 | INFO     | main:main:265 - Configuration: max_workers=1, max_pages=1
2025-09-15 02:38:31 | INFO     | main:main:274 - Fetching first page...
2025-09-15 02:38:31 | INFO     | main:main:285 - Found 1 pages of books
2025-09-15 02:38:31 | INFO     | main:main:304 - Processing page 1/1: https://books.toscrape.com/
2025-09-15 02:38:31 | INFO     | main:main:327 - Found 1 books on page 1
2025-09-15 02:38:31 | SUCCESS  | main:main:400 - Completed processing page 1
2025-09-15 02:38:31 | INFO     | main:main:402 - Total books collected: 1
2025-09-15 02:38:31 | INFO     | main:main:406 - Saving to JSON...
2025-09-15 02:38:31 | SUCCESS  | main:main:408 - Data saved successfully!
2025-09-15 02:38:31 | SUCCESS  | main:main:416 - Scraping completed successfully!
2025-09-15 02:38:31 | INFO     | utils.signal_handler:setup_signal_handlers:62 - Signal handlers configured for graceful shutdown
2025-09-15 02:38:31 | INFO     | __main__:main:264 - Starting the scraping process...
2025-09-15 02:38:31 | INFO     | __main__:main:265 - Configuration: max_workers=10, max_pages=1
2025-09-15 02:38:31 | INFO     | __main__:main:274 - Fetching first page...
2025-09-15 02:38:32 | INFO     | __main__:main:285 - Found 50 pages of books
2025-09-15 02:38:32 | INFO     | __main__:main:290 - Limiting to 1 pages as specified
2025-09-15 02:38:32 | INFO     | __main__:main:304 - Processing page 1/1: https://books.toscrape.com/
2025-09-15 02:38:32 | INFO     | __main__:main:327 - Found 20 books on page 1
2025-09-15 02:38:33 | SUCCESS  | __main__:main:400 - Completed processing page 1
2025-09-15 02:38:33 | INFO     | __main__:main:402 - Total books collected: 20
2025-09-15 02:38:33 | INFO     | __main__:main:406 - Saving to JSON...
2025-09-15 02:38:33 | SUCCESS  | __main__:main:408 - Data saved successfully!
2025-09-15 02:38:33 | SUCCESS  | __main__:main:416 - Scraping completed successfully!
2025-09-15 02:38:33 | INFO     | utils.signal_handler:setup_signal_handlers:62 - Signal handlers configured for graceful shutdown
2025-09-15 02:38:33 | INFO     | __main__:main:264 - Starting the scraping process...
2025-09-15 02:38:33 | INFO     | __main__:main:265 - Configuration: max_workers=15, max_pages=3
2025-09-15 02:38:33 | INFO     | __main__:main:274 - Fetching first page...
2025-09-15 02:38:34 | INFO     | __main__:main:285 - Found 50 pages of books
2025-09-15 02:38:34 | INFO     | __main__:main:290 - Limiting to 3 pages as specified
2025-09-15 02:38:34 | INFO     | __main__:main:304 - Processing page 1/3: https://books.toscrape.com/
2025-09-15 02:38:34 | INFO     | __main__:main:327 - Found 20 books on page 1
2025-09-15 02:38:35 | SUCCESS  | __main__:main:400 - Completed processing page 1
2025-09-15 02:38:35 | INFO     | __main__:main:304 - Processing page 2/3: https://books.toscrape.com/catalogue/page-2.html
2025-09-15 02:38:35 | INFO     | __main__:main:327 - Found 20 books on page 2
2025-09-15 02:38:36 | SUCCESS  | __main__:main:400 - Completed processing page 2
2025-09-15 02:38:36 | INFO     | __main__:main:304 - Processing page 3/3: https://books.toscrape.com/catalogue/page-3.html
2025-09-15 02:38:37 | INFO     | __main__:main:327 - Found 20 books on page 3
2025-09-15 02:38:38 | SUCCESS  | __main__:main:400 - Completed processing page 3
2025-09-15 02:38:38 | INFO     | __main__:main:402 - Total books collected: 60
2025-09-15 02:38:38 | INFO     | __main__:main:406 - Saving to JSON...
2025-09-15 02:38:38 | SUCCESS  | __main__:main:408 - Data saved successfully!
2025-09-15 02:38:38 | SUCCESS  | __main__:main:416 - Scraping completed successfully!
2025-09-15 02:38:38 | WARNING  | main:process_book_listing:76 - No book URL found in listing.
2025-09-15 02:38:38 | WARNING  | main:process_book_details:127 - No detail URL for book: Test Book
2025-09-15 02:38:38 | ERROR    | main:process_book_details:186 - Error processing detail page for Test Book: Network error
2025-09-15 02:38:38 | WARNING  | main:extract_star_rating:48 - No star rating found for book.
2025-09-15 02:38:38 | WARNING  | main:process_book_listing:76 - No book URL found in listing.
2025-09-15 02:38:38 | WARNING  | main:process_book_listing:103 - No image URL found for book.
2025-09-15 02:38:38 | INFO     | utils.signal_handler:setup_signal_handlers:62 - Signal handlers configured for graceful shutdown
2025-09-15 02:38:39 | INFO     | utils.signal_handler:setup_signal_handlers:62 - Signal handlers configured for graceful shutdown
2025-09-15 02:38:39 | INFO     | utils.signal_handler:setup_signal_handlers:62 - Signal handlers configured for graceful shutdown
2025-09-15 02:38:39 | INFO     | utils.signal_handler:setup_signal_handlers:62 - Signal handlers configured for graceful shutdown
2025-09-15 02:38:39 | INFO     | utils.signal_handler:setup_signal_handlers:62 - Signal handlers configured for graceful shutdown
2025-09-15 02:38:39 | INFO     | utils.signal_handler:setup_signal_handlers:62 - Signal handlers configured for graceful shutdown
2025-09-15 02:38:39 | INFO     | utils.signal_handler:setup_signal_handlers:62 - Signal handlers configured for graceful shutdown
2025-09-15 02:38:39 | INFO     | utils.signal_handler:setup_signal_handlers:62 - Signal handlers configured for graceful shutdown
2025-09-15 02:38:39 | INFO     | utils.signal_handler:setup_signal_handlers:62 - Signal handlers configured for graceful shutdown
2025-09-15 02:38:39 | INFO     | utils.signal_handler:setup_signal_handlers:62 - Signal handlers configured for graceful shutdown
2025-09-15 02:38:39 | INFO     | utils.signal_handler:setup_signal_handlers:62 - Signal handlers configured for graceful shutdown
2025-09-15 02:38:39 | INFO     | utils.signal_handler:setup_signal_handlers:62 - Signal handlers configured for graceful shutdown
2025-09-15 02:38:39 | INFO     | utils.signal_handler:setup_signal_handlers:62 - Signal handlers configured for graceful shutdown
2025-09-15 02:38:39 | ERROR    | main:process_book_details:186 - Error processing detail page for Test Book: Network unreachable
2025-09-15 02:38:39 | ERROR    | main:process_book_details:186 - Error processing detail page for Timeout Test Book: Request timeout after 30 seconds
2025-09-15 02:38:39 | ERROR    | main:process_book_details:186 - Error processing detail page for HTTP Error Book: 404 Client Error: Not Found
2025-09-15 02:38:39 | ERROR    | main:process_book_details:186 - Error processing detail page for Generic Error Book: Unexpected error occurred
2025-09-15 02:38:39 | INFO     | utils.signal_handler:setup_signal_handlers:62 - Signal handlers configured for graceful shutdown
2025-09-15 02:38:39 | INFO     | main:main:264 - Starting the scraping process...
2025-09-15 02:38:39 | INFO     | main:main:265 - Configuration: max_workers=5, max_pages=1
2025-09-15 02:38:39 | INFO     | main:main:274 - Fetching first page...
2025-09-15 02:38:39 | ERROR    | main:main:423 - Unexpected error during scraping: Network unreachable
2025-09-15 02:38:39 | INFO     | utils.signal_handler:setup_signal_handlers:62 - Signal handlers configured for graceful shutdown
2025-09-15 02:38:39 | INFO     | main:main:264 - Starting the scraping process...
2025-09-15 02:38:39 | INFO     | main:main:265 - Configuration: max_workers=5, max_pages=1
2025-09-15 02:38:39 | INFO     | main:main:274 - Fetching first page...
2025-09-15 02:38:39 | ERROR    | main:main:423 - Unexpected error during scraping: Request timeout
2025-09-15 02:38:39 | INFO     | utils.signal_handler:setup_signal_handlers:62 - Signal handlers configured for graceful shutdown
2025-09-15 02:38:39 | INFO     | main:main:264 - Starting the scraping process...
2025-09-15 02:38:39 | INFO     | main:main:265 - Configuration: max_workers=5, max_pages=1
2025-09-15 02:38:39 | INFO     | main:main:274 - Fetching first page...
2025-09-15 02:38:39 | ERROR    | main:main:423 - Unexpected error during scraping: 500 Internal Server Error
2025-09-15 02:38:39 | WARNING  | main:process_book_details:136 - Failed to fetch detail page for HTTP 400 Book. Status: 400
2025-09-15 02:38:39 | WARNING  | main:process_book_details:136 - Failed to fetch detail page for HTTP 401 Book. Status: 401
2025-09-15 02:38:39 | WARNING  | main:process_book_details:136 - Failed to fetch detail page for HTTP 403 Book. Status: 403
2025-09-15 02:38:39 | WARNING  | main:process_book_details:136 - Failed to fetch detail page for HTTP 404 Book. Status: 404
2025-09-15 02:38:39 | WARNING  | main:process_book_details:136 - Failed to fetch detail page for HTTP 500 Book. Status: 500
2025-09-15 02:38:39 | WARNING  | main:process_book_details:136 - Failed to fetch detail page for HTTP 502 Book. Status: 502
2025-09-15 02:38:39 | WARNING  | main:process_book_details:136 - Failed to fetch detail page for HTTP 503 Book. Status: 503
2025-09-15 02:38:39 | WARNING  | main:process_book_details:136 - Failed to fetch detail page for HTTP 504 Book. Status: 504
2025-09-15 02:38:39 | ERROR    | main:process_book_details:186 - Error processing detail page for Parsing Error Book: Parsing error
2025-09-15 02:38:39 | ERROR    | main:process_book_details:186 - Error processing detail page for Book 1: Intermittent network error
2025-09-15 02:38:39 | ERROR    | main:process_book_details:186 - Error processing detail page for Book 3: Intermittent network error
2025-09-15 02:38:39 | WARNING  | main:extract_star_rating:48 - No star rating found for book.
2025-09-15 02:38:39 | ERROR    | main:process_book_details:186 - Error processing detail page for Encoding Issues Book: 'utf-8' codec can't decode bytes in position 0-0: invalid
2025-09-15 02:38:39 | WARNING  | main:process_book_details:127 - No detail URL for book: Test Book
2025-09-15 02:38:39 | WARNING  | main:process_book_details:127 - No detail URL for book: Test Book
2025-09-15 02:38:39 | WARNING  | main:process_book_details:127 - No detail URL for book: Test Book
2025-09-15 02:38:39 | ERROR    | main:process_book_details:186 - Error processing detail page for Test Book: Network unreachable
2025-09-15 02:38:39 | ERROR    | main:process_book_details:186 - Error processing detail page for Test Book: Request timeout
2025-09-15 02:38:39 | ERROR    | main:process_book_details:186 - Error processing detail page for Test Book: 404 Not Found
2025-09-15 02:38:39 | ERROR    | main:process_book_details:186 - Error processing detail page for Test Book: Generic network error
2025-09-15 02:38:39 | WARNING  | main:process_book_details:136 - Failed to fetch detail page for Test Book. Status: 404
2025-09-15 02:38:39 | WARNING  | main:process_book_details:136 - Failed to fetch detail page for Test Book. Status: 500
2025-09-15 02:38:39 | ERROR    | main:process_book_details:186 - Error processing detail page for Parsing Error Book: Parsing error
2025-09-15 02:38:39 | WARNING  | main:process_book_details:136 - Failed to fetch detail page for HTTP Error Book. Status: 400
2025-09-15 02:38:39 | WARNING  | main:process_book_details:136 - Failed to fetch detail page for HTTP Error Book. Status: 401
2025-09-15 02:38:39 | WARNING  | main:process_book_details:136 - Failed to fetch detail page for HTTP Error Book. Status: 403
2025-09-15 02:38:39 | WARNING  | main:process_book_details:136 - Failed to fetch detail page for HTTP Error Book. Status: 404
2025-09-15 02:38:39 | WARNING  | main:process_book_details:136 - Failed to fetch detail page for HTTP Error Book. Status: 500
2025-09-15 02:38:39 | WARNING  | main:process_book_details:136 - Failed to fetch detail page for HTTP Error Book. Status: 502
2025-09-15 02:38:39 | WARNING  | main:process_book_details:136 - Failed to fetch detail page for HTTP Error Book. Status: 503
2025-09-15 02:38:39 | WARNING  | main:process_book_details:136 - Failed to fetch detail page for HTTP Error Book. Status: 504
2025-09-15 02:38:40 | ERROR    | main:process_book_details:186 - Error processing detail page for None Response Book: 'NoneType' object has no attribute 'status'
2025-09-15 02:38:40 | ERROR    | main:process_book_details:186 - Error processing detail page for No Status Book: status
2025-09-15 02:38:40 | ERROR    | main:process_book_details:186 - Error processing detail page for Find All None Book: 'NoneType' object is not iterable
2025-09-15 02:38:40 | ERROR    | main:process_book_details:186 - Error processing detail page for CSS Error Book: CSS parsing error
2025-09-15 02:38:40 | ERROR    | main:process_book_details:186 - Error processing detail page for Breadcrumb Error Book: Breadcrumb parsing error
2025-09-15 02:38:40 | ERROR    | main:process_book_details:186 - Error processing detail page for Description Error Book: Text strip error
2025-09-15 02:38:40 | ERROR    | main:process_book_details:186 - Error processing detail page for Table Iteration Error Book: Table iteration error
2025-09-15 02:38:40 | ERROR    | main:process_book_details:186 - Error processing detail page for Partial Success Book: Breadcrumb error
2025-09-15 02:39:09 | INFO     | tests.test_healthcheck:test_logger_container_mode:105 - Test log message
2025-09-15 02:39:10 | WARNING  | main:process_book_listing:76 - No book URL found in listing.
2025-09-15 02:39:10 | WARNING  | main:process_book_details:127 - No detail URL for book: Test Book
2025-09-15 02:39:10 | ERROR    | main:process_book_details:186 - Error processing detail page for Test Book: Network error
2025-09-15 02:39:10 | WARNING  | main:extract_star_rating:48 - No star rating found for book.
2025-09-15 02:39:10 | WARNING  | main:process_book_listing:76 - No book URL found in listing.
2025-09-15 02:39:10 | WARNING  | main:process_book_listing:103 - No image URL found for book.
2025-09-15 02:39:10 | WARNING  | main:process_book_details:127 - No detail URL for book: Test Book
2025-09-15 02:39:10 | WARNING  | main:process_book_details:127 - No detail URL for book: Test Book
2025-09-15 02:39:10 | WARNING  | main:process_book_details:127 - No detail URL for book: Test Book
2025-09-15 02:39:10 | ERROR    | main:process_book_details:186 - Error processing detail page for Test Book: Network unreachable
2025-09-15 02:39:10 | ERROR    | main:process_book_details:186 - Error processing detail page for Test Book: Request timeout
2025-09-15 02:39:10 | ERROR    | main:process_book_details:186 - Error processing detail page for Test Book: 404 Not Found
2025-09-15 02:39:10 | ERROR    | main:process_book_details:186 - Error processing detail page for Test Book: Generic network error
2025-09-15 02:39:10 | WARNING  | main:process_book_details:136 - Failed to fetch detail page for Test Book. Status: 404
2025-09-15 02:39:10 | WARNING  | main:process_book_details:136 - Failed to fetch detail page for Test Book. Status: 500
2025-09-15 02:39:10 | ERROR    | main:process_book_details:186 - Error processing detail page for Parsing Error Book: Parsing error
2025-09-15 02:39:10 | WARNING  | main:process_book_details:136 - Failed to fetch detail page for HTTP Error Book. Status: 400
2025-09-15 02:39:10 | WARNING  | main:process_book_details:136 - Failed to fetch detail page for HTTP Error Book. Status: 401
2025-09-15 02:39:10 | WARNING  | main:process_book_details:136 - Failed to fetch detail page for HTTP Error Book. Status: 403
2025-09-15 02:39:10 | WARNING  | main:process_book_details:136 - Failed to fetch detail page for HTTP Error Book. Status: 404
2025-09-15 02:39:10 | WARNING  | main:process_book_details:136 - Failed to fetch detail page for HTTP Error Book. Status: 500
2025-09-15 02:39:10 | WARNING  | main:process_book_details:136 - Failed to fetch detail page for HTTP Error Book. Status: 502
2025-09-15 02:39:10 | WARNING  | main:process_book_details:136 - Failed to fetch detail page for HTTP Error Book. Status: 503
2025-09-15 02:39:10 | WARNING  | main:process_book_details:136 - Failed to fetch detail page for HTTP Error Book. Status: 504
2025-09-15 02:39:10 | ERROR    | main:process_book_details:186 - Error processing detail page for None Response Book: 'NoneType' object has no attribute 'status'
2025-09-15 02:39:10 | ERROR    | main:process_book_details:186 - Error processing detail page for No Status Book: status
2025-09-15 02:39:10 | ERROR    | main:process_book_details:186 - Error processing detail page for Find All None Book: 'NoneType' object is not iterable
2025-09-15 02:39:10 | ERROR    | main:process_book_details:186 - Error processing detail page for CSS Error Book: CSS parsing error
2025-09-15 02:39:10 | ERROR    | main:process_book_details:186 - Error processing detail page for Breadcrumb Error Book: Breadcrumb parsing error
2025-09-15 02:39:10 | ERROR    | main:process_book_details:186 - Error processing detail page for Description Error Book: Text strip error
2025-09-15 02:39:10 | ERROR    | main:process_book_details:186 - Error processing detail page for Table Iteration Error Book: Table iteration error
2025-09-15 02:39:10 | ERROR    | main:process_book_details:186 - Error processing detail page for Partial Success Book: Breadcrumb error
2025-09-15 02:39:42 | INFO     | tests.test_healthcheck:test_logger_container_mode:105 - Test log message
2025-09-15 02:39:43 | WARNING  | main:process_book_listing:76 - No book URL found in listing.
2025-09-15 02:39:43 | WARNING  | main:process_book_details:127 - No detail URL for book: Test Book
2025-09-15 02:39:43 | ERROR    | main:process_book_details:186 - Error processing detail page for Test Book: Network error
2025-09-15 02:39:43 | WARNING  | main:extract_star_rating:48 - No star rating found for book.
2025-09-15 02:39:43 | WARNING  | main:process_book_listing:76 - No book URL found in listing.
2025-09-15 02:39:43 | WARNING  | main:process_book_listing:103 - No image URL found for book.
2025-09-15 02:39:43 | WARNING  | main:process_book_details:127 - No detail URL for book: Test Book
2025-09-15 02:39:43 | WARNING  | main:process_book_details:127 - No detail URL for book: Test Book
2025-09-15 02:39:43 | WARNING  | main:process_book_details:127 - No detail URL for book: Test Book
2025-09-15 02:39:43 | ERROR    | main:process_book_details:186 - Error processing detail page for Test Book: Network unreachable
2025-09-15 02:39:43 | ERROR    | main:process_book_details:186 - Error processing detail page for Test Book: Request timeout
2025-09-15 02:39:43 | ERROR    | main:process_book_details:186 - Error processing detail page for Test Book: 404 Not Found
2025-09-15 02:39:43 | ERROR    | main:process_book_details:186 - Error processing detail page for Test Book: Generic network error
2025-09-15 02:39:43 | WARNING  | main:process_book_details:136 - Failed to fetch detail page for Test Book. Status: 404
2025-09-15 02:39:43 | WARNING  | main:process_book_details:136 - Failed to fetch detail page for Test Book. Status: 500
2025-09-15 02:39:43 | ERROR    | main:process_book_details:186 - Error processing detail page for Parsing Error Book: Parsing error
2025-09-15 02:39:43 | WARNING  | main:process_book_details:136 - Failed to fetch detail page for HTTP Error Book. Status: 400
2025-09-15 02:39:43 | WARNING  | main:process_book_details:136 - Failed to fetch detail page for HTTP Error Book. Status: 401
2025-09-15 02:39:43 | WARNING  | main:process_book_details:136 - Failed to fetch detail page for HTTP Error Book. Status: 403
2025-09-15 02:39:43 | WARNING  | main:process_book_details:136 - Failed to fetch detail page for HTTP Error Book. Status: 404
2025-09-15 02:39:43 | WARNING  | main:process_book_details:136 - Failed to fetch detail page for HTTP Error Book. Status: 500
2025-09-15 02:39:43 | WARNING  | main:process_book_details:136 - Failed to fetch detail page for HTTP Error Book. Status: 502
2025-09-15 02:39:43 | WARNING  | main:process_book_details:136 - Failed to fetch detail page for HTTP Error Book. Status: 503
2025-09-15 02:39:43 | WARNING  | main:process_book_details:136 - Failed to fetch detail page for HTTP Error Book. Status: 504
2025-09-15 02:39:43 | ERROR    | main:process_book_details:186 - Error processing detail page for None Response Book: 'NoneType' object has no attribute 'status'
2025-09-15 02:39:43 | ERROR    | main:process_book_details:186 - Error processing detail page for No Status Book: status
2025-09-15 02:39:43 | ERROR    | main:process_book_details:186 - Error processing detail page for Find All None Book: 'NoneType' object is not iterable
2025-09-15 02:39:43 | ERROR    | main:process_book_details:186 - Error processing detail page for CSS Error Book: CSS parsing error
2025-09-15 02:39:43 | ERROR    | main:process_book_details:186 - Error processing detail page for Breadcrumb Error Book: Breadcrumb parsing error
2025-09-15 02:39:43 | ERROR    | main:process_book_details:186 - Error processing detail page for Description Error Book: Text strip error
2025-09-15 02:39:43 | ERROR    | main:process_book_details:186 - Error processing detail page for Table Iteration Error Book: Table iteration error
2025-09-15 02:39:43 | ERROR    | main:process_book_details:186 - Error processing detail page for Partial Success Book: Breadcrumb error
